F
E
A
E
A
E
A
E
E
A
A
F
C
D
C
D
F
F
E
F
F
B
D
F
F
F
F
A
E
F
E
E
D
A
B
A
E
F
F
B
E
D
F
F
E
F
E
B
B
C
F
F
A
F
C
D
E
B
F
F
B
F
E
A
F
D
E
F
E
F
F
E
F
F
B
F
D
E
F
D
F
A
E
F
F
F
A
E
F
F
A
E
F
E
F
A
C
E
E
E
C
E
F
E
E
B
E
F
F
F
F
C
E
F
F
C
D
F
F
F
E
D
F
F
A
D
F
F
A
E
D
D
B
A
A
F
F
A
A
F
E
F
B
F
F
F
F
D
F
F
E
C
C
F
F
E
C
F
A
A
C
F
F
E
F
F
F
B
F
E
A
F
F
F
E
E
E
B
B
D
E
E
F
F
F
F
F
F
F
D
F
C
C
B
B
E
B
F
F
F
F
F
A
E
F
D
D
B
C
A
F
E
C
F
F
A
F
F
D
B
E
B
E
A
F
F
F
D
F
E
F
D
F
F
B
F
F
F
E
F
D
B
F
C
F
F
F
C
D
D
F
F
E
F
E
F
E
F
E
D
E
E
F
F
B
E
F
F
B
A
E
E
F
E
E
F
F
F
E
F
F
C
F
F
F
C
B
C
F
F
E
A
D
F
A
F
F
D
C
F