2.30 5.00 7.10 4.80 
2.00 1.50 3.20 2.23 
10.00 2.60 6.00 6.20 
1.90 10.00 9.50 7.13 
5.00 5.00 5.00 5.00 
7.20 3.60 2.20 4.33 
3.00 2.40 4.00 3.13 
5.00 3.70 2.00 3.57 
8.50 6.20 4.00 6.23 
4.00 9.00 1.20 4.73 
3.00 4.80 6.00 4.60 
9.70 1.10 7.40 6.07 
2.00 6.50 8.00 5.50 
5.30 3.00 4.20 4.17 
6.00 2.70 5.00 4.57 
7.00 8.10 2.90 6.00 
4.50 1.00 9.00 4.83 
2.00 5.60 3.20 3.60 
1.00 4.20 6.70 3.97 
9.20 7.00 2.30 6.17 
3.60 8.40 5.10 5.70 
5.00 2.00 6.90 4.63 
7.80 4.50 1.20 4.50 
1.00 3.70 8.40 4.37 
6.00 2.10 5.30 4.47 
8.70 3.00 2.50 4.73 
4.00 5.60 7.90 5.83 
9.40 6.30 1.80 5.83 
2.00 4.70 3.20 3.30 
6.50 1.20 8.60 5.43 
3.00 5.00 7.10 5.03 
7.30 9.20 2.00 6.17 
8.00 6.40 4.20 6.20 
2.80 3.10 5.70 3.87 
4.00 2.00 6.90 4.30 
5.20 4.60 7.80 5.87 
9.00 1.00 8.20 6.07 
3.70 6.00 2.40 4.03 
7.00 5.30 4.10 5.47 
1.60 8.90 3.20 4.57 
5.00 7.00 2.10 4.70 
4.00 9.30 1.50 4.93 
8.20 3.60 6.10 5.97 
6.00 2.90 7.40 5.43 
3.40 4.70 1.20 3.10 
2.00 5.10 8.60 5.23 
7.00 6.30 2.80 5.37 
9.00 3.00 5.60 5.87 
1.20 4.80 7.90 4.63 
6.40 2.00 8.30 5.57 
5.00 7.60 1.70 4.77 
4.20 3.50 9.10 5.60 
2.00 6.00 3.20 3.73 
7.00 8.50 1.30 5.60 
3.70 4.00 9.20 5.63 
1.00 5.90 2.60 3.17 
9.00 2.70 7.10 6.27 
6.20 3.10 5.40 4.90 
8.00 4.00 2.30 4.77 
4.60 1.80 6.90 4.43 
2.00 5.00 7.70 4.90 
7.90 6.50 3.40 5.93 
3.00 9.60 1.10 4.57 
5.30 2.00 8.70 5.33 
6.00 4.20 7.80 6.00 
1.70 3.00 9.40 4.70 
8.90 2.50 6.70 6.03 
2.00 7.40 4.80 4.73 
4.00 3.20 5.10 4.10 
9.10 1.60 8.30 6.33 
7.00 5.00 2.80 4.93 
6.10 9.80 3.40 6.43 
1.20 4.00 8.60 4.60 
2.90 5.40 7.20 5.17 
3.00 6.30 1.50 3.60 
9.00 2.00 4.70 5.23 
5.10 7.60 8.90 7.20 
4.00 3.70 2.40 3.37 
2.80 1.10 5.90 3.27 
7.10 6.00 3.60 5.57 
6.00 8.20 4.20 6.13 
3.10 9.20 2.70 5.00 
8.30 2.00 7.50 5.93 
5.00 4.30 1.80 3.70 
7.90 3.50 6.20 5.87 
2.60 5.00 8.10 5.23 
4.00 1.40 9.60 5.00 
9.40 2.20 7.30 6.30 
3.00 6.90 5.70 5.20 
1.20 7.10 3.40 3.90 
8.50 4.60 2.80 5.30 
2.00 5.30 9.80 5.70 
6.50 3.00 8.40 5.97 
4.00 2.70 7.40 4.70 
9.20 6.20 1.60 5.67 
3.20 5.50 4.80 4.50 
7.70 1.00 8.20 5.63 
2.00 3.40 6.10 3.83 
5.00 9.10 2.60 5.57 
1.70 7.80 3.10 4.20 
6.00 4.90 4.20 5.03 
8.10 2.40 5.30 5.27 
4.00 6.70 1.80 4.17 
2.90 8.40 7.50 6.27 
3.00 5.30 9.60 5.97 
7.90 2.30 8.20 6.13 
5.00 4.00 6.20 5.07 
9.80 3.60 1.10 4.83 
6.00 1.20 4.70 3.97 
8.90 2.50 7.10 6.17 
3.50 6.90 2.80 4.40 
4.00 5.10 9.40 6.17 
7.40 2.00 8.30 5.90 
2.00 6.30 3.40 3.90 
1.50 4.20 5.70 3.80 
8.60 9.20 7.70 8.50 
2.60 5.00 4.80 4.13 
3.00 7.10 1.40 3.83 
9.20 6.10 8.40 7.90 
5.30 3.00 2.70 3.67 
4.30 8.90 6.70 6.63 
7.50 2.00 5.50 5.00 
1.80 3.40 9.80 5.00 
6.20 4.20 7.30 5.90 
2.70 5.90 8.20 5.60 
4.00 1.60 3.10 2.90 
9.10 2.40 6.50 6.00 
7.70 6.00 8.30 7.33 
3.60 9.40 2.80 5.27 
5.00 4.70 1.20 3.63 
8.50 3.40 7.10 6.33 
2.00 6.90 5.30 4.73 
3.50 7.40 9.60 6.83 
6.10 2.00 8.20 5.43 
4.80 4.20 1.10 3.37 
7.50 5.10 3.20 5.27 
9.40 3.00 6.70 6.37 
2.80 8.90 2.70 4.80 
5.30 4.30 7.90 5.83 
8.30 2.50 6.20 5.67 
1.80 3.00 9.10 4.63 
7.10 6.90 2.60 5.53 
2.00 5.00 4.70 3.90 
6.00 4.80 8.60 6.47 
3.40 1.40 5.70 3.50 
9.80 2.30 7.30 6.47 
2.90 8.20 3.10 4.73 
5.50 6.10 4.20 5.27 
3.00 7.70 1.60 4.10 
8.40 4.00 9.20 7.20 
6.50 5.30 2.80 4.87 
4.30 1.10 7.40 4.27 
7.10 2.70 6.90 5.57 
3.20 5.10 8.90 5.73 
6.00 9.60 2.40 6.00 
8.20 2.80 4.70 5.23 
1.20 4.20 7.30 4.23 
5.90 3.00 8.50 5.80 
2.60 6.20 3.60 4.13 
9.10 2.00 5.30 5.47 
7.70 4.80 1.40 4.63 
3.10 8.90 6.70 6.23 
2.50 5.50 7.50 5.17 
6.10 9.40 4.30 6.60 
3.20 4.00 8.30 5.17 
7.40 2.70 1.80 3.97 
1.10 6.90 2.30 3.43 
8.60 7.10 5.10 6.93 
4.70 5.70 3.50 4.63 
9.60 2.40 6.50 6.17 
2.80 3.40 7.90 4.70 
5.30 1.20 8.20 4.90 
6.70 3.60 4.80 5.03 
2.00 8.20 5.90 5.37 
4.20 7.70 1.60 4.50 
9.10 2.60 6.90 6.20 
3.00 4.20 8.30 5.17 
7.30 5.50 2.70 5.17 
1.40 6.10 9.80 5.77 
8.40 2.30 3.10 4.60 
4.30 7.40 5.30 5.67 
6.70 1.10 4.80 4.20 
2.70 8.60 2.50 4.60 
5.50 9.60 7.10 7.40 
3.00 6.50 4.20 4.57 
8.90 3.20 1.80 4.63 
7.90 4.70 2.40 5.00 
6.10 2.00 5.90 4.67 
8.20 3.40 7.50 6.37 
1.20 9.10 4.20 4.83 
5.30 7.70 2.80 5.27 
6.90 2.60 3.40 4.30 
7.30 4.80 1.60 4.57 
3.10 8.30 9.40 6.93 
2.30 6.70 5.50 4.83 
4.70 1.20 7.10 4.33 
9.80 2.80 5.10 5.90 
2.40 8.50 3.60 4.83 
7.90 6.20 4.30 6.13 
4.00 5.50 1.10 3.53 
8.90 3.00 6.10 6.00 
2.50 7.40 9.60 6.50 
3.40 4.20 2.70 3.43 
1.80 6.90 5.70 4.80 
7.10 2.60 8.20 5.97 
5.90 3.20 4.80 4.63 
2.00 7.70 1.40 3.70 
6.50 9.10 2.30 5.97 
8.30 3.10 6.70 6.03 
4.30 5.30 7.90 5.83 
2.80 4.80 1.20 2.93 
7.10 8.20 3.40 6.23 
6.90 2.40 9.80 6.37 
5.50 1.60 7.30 4.80 
4.70 6.10 2.80 4.53 
2.70 5.90 8.60 5.73 
3.40 7.50 1.40 4.10 
9.10 2.60 4.20 5.30 
6.70 8.30 3.20 6.07 
5.10 9.40 4.80 6.43 
2.30 6.50 7.70 5.50 
1.10 4.70 8.90 4.90 
2.40 7.30 3.60 4.43 
5.70 2.80 6.90 5.13 
3.10 8.20 4.30 5.20 
4.20 3.40 1.80 3.13 
9.60 2.50 7.10 6.40 
6.90 5.30 2.60 4.93 
8.20 4.80 3.20 5.40 
7.90 1.60 9.10 6.20 
1.40 6.70 5.50 4.53 
2.80 7.40 2.30 4.17 
4.80 3.10 8.50 5.47 
3.20 6.90 1.20 3.77 
7.70 5.30 4.70 5.90 
9.80 2.60 8.90 7.10 
4.30 4.20 2.40 3.63 
6.10 1.80 5.90 4.60 
7.30 3.40 9.40 6.70 
2.80 6.70 2.60 4.03 
5.70 8.20 4.80 6.23 
3.10 5.50 7.10 5.23 
6.90 9.10 1.40 5.80 
2.50 4.30 8.30 5.03 
7.40 3.20 2.30 4.30 
1.80 7.70 6.50 5.33 
3.60 5.30 9.60 6.17 
2.60 2.40 4.70 3.23 
8.90 8.20 1.20 6.10 
5.90 6.90 3.10 5.30 
4.80 7.90 2.80 5.17 
3.20 1.60 6.70 3.83 
8.50 4.20 2.50 5.07 
7.10 5.10 9.10 7.10 
3.40 8.60 4.30 5.43 
2.30 6.10 7.70 5.37 
1.40 9.40 5.50 5.43 
3.60 7.30 2.80 4.57 
6.90 3.10 8.20 6.07 
4.20 2.60 5.30 4.03 
7.40 4.80 1.80 4.67 
2.30 9.60 2.50 4.80 
8.30 6.50 7.10 7.30 
1.20 5.90 3.40 3.50 
6.70 4.70 9.80 7.07 
3.20 2.40 8.90 4.83 
5.50 7.70 1.60 4.93 
4.30 3.40 7.40 5.03 
8.60 5.30 2.80 5.57 
1.60 6.90 9.10 5.87 
3.10 4.20 8.50 5.27 
7.10 2.30 5.10 4.83 
6.10 7.30 4.80 6.07 
9.40 1.80 3.20 4.80 
2.80 4.70 6.70 4.73 
9.00 8.20 2.60 6.60 
7.70 3.40 1.20 4.10 
8.30 2.50 9.60 6.80 
4.30 5.30 6.90 5.50 
2.40 7.40 3.10 4.30 
6.50 1.60 4.20 4.10 
9.80 4.80 8.60 7.73 
2.60 5.90 7.70 5.40 
3.40 8.20 1.40 4.33 
7.30 2.30 6.10 5.23 
5.50 4.20 9.10 6.27 
3.20 7.10 2.80 4.37 
1.80 6.70 5.30 4.60 
2.50 3.40 4.70 3.53 
8.90 9.40 1.20 6.50 
6.90 8.60 2.60 6.03 
5.30 7.70 3.10 5.37 
4.20 1.60 9.80 5.20 
7.40 3.20 6.50 5.70 
2.40 8.50 4.30 5.07 
1.20 5.50 7.10 4.60 
9.60 2.80 3.40 5.27 
6.70 4.70 8.30 6.57 
2.50 6.90 1.60 3.67 
3.10 7.10 5.90 5.37 
4.80 9.10 2.30 5.40 
8.20 4.20 6.10 6.17 
7.30 2.60 3.20 4.37 
5.30 1.40 7.70 4.80 
9.40 8.90 2.50 6.93 
6.50 5.30 4.70 5.50 
1.60 3.40 8.60 4.53 
2.30 7.40 6.70 5.47 
4.20 9.60 1.80 5.20 
8.50 2.80 5.90 5.73 
3.10 6.10 7.70 5.63 
2.60 4.80 3.40 3.60 
9.80 1.20 2.30 4.43 
5.50 7.10 8.30 6.97 
4.70 6.90 1.60 4.40 
2.50 3.20 9.10 4.93 
6.50 5.30 4.20 5.33 
8.90 7.70 2.60 6.40 
1.40 4.30 7.40 4.37 
3.40 8.20 2.80 4.80 
6.10 9.40 1.60 5.70 
2.60 3.10 5.50 3.73 
7.10 4.80 8.60 6.83 
2.30 5.90 6.70 4.97 
1.20 2.50 9.60 4.43 
3.20 7.30 4.70 5.07 
5.30 8.50 1.80 5.20 
6.90 1.40 2.40 3.57 
8.30 4.20 6.50 6.33 
2.80 7.70 3.10 4.53 
4.30 9.10 5.30 6.23 
7.40 6.10 2.30 5.27 
1.60 5.50 8.90 5.33 
3.40 8.60 7.10 6.37 
2.60 4.70 1.20 2.83 
9.40 2.50 3.20 5.03 
6.90 6.50 5.30 6.23 
8.20 7.70 4.80 6.90 
2.30 1.40 3.10 2.27 
7.40 9.80 2.60 6.60 
5.90 4.80 6.70 5.80 
3.40 2.40 8.50 4.77 
1.80 7.10 5.50 4.80 
6.10 3.20 9.40 6.23 
4.20 1.60 2.80 2.87 
8.60 2.30 7.30 6.07 
4.70 5.30 6.50 5.50 
9.60 1.20 3.40 4.73 
2.50 8.90 7.70 6.37 
3.10 4.30 8.20 5.20 
6.10 2.60 5.50 4.73 
7.10 1.60 9.10 5.93 
3.40 7.40 4.80 5.20 
8.60 3.10 2.30 4.67 
5.30 6.90 4.70 5.63 
2.40 9.80 1.40 4.53 
7.70 8.50 2.60 6.27 
1.20 4.20 3.20 2.87 
6.50 8.30 5.90 6.90 
2.30 7.10 4.70 4.70 
9.40 3.40 1.60 4.80 
2.80 5.50 6.10 4.80 
8.90 2.60 7.30 6.27 
3.20 1.80 4.30 3.10 
7.40 4.80 6.70 6.30 
5.30 3.40 9.10 5.93 
6.50 2.30 8.20 5.67 
4.20 1.60 7.10 4.30 
9.80 5.50 3.10 6.13 
2.40 4.70 6.90 4.67 
7.70 8.60 1.20 5.83 
3.10 7.40 5.90 5.47 
8.30 4.30 2.80 5.13 
6.10 9.60 3.20 6.30 
1.40 2.50 4.80 2.90 
7.30 3.40 5.50 5.40 
2.60 6.10 7.70 5.47 
8.50 1.80 2.30 4.20 
4.20 8.90 9.40 7.50 
1.60 4.30 3.10 3.00 
6.50 7.10 2.60 5.40 
7.40 5.30 4.70 5.80 
8.60 2.40 1.20 4.07 
3.40 9.80 6.90 6.70 
2.30 8.20 5.50 5.33 
1.60 3.20 4.80 3.20 
7.30 2.60 9.10 6.33 
5.30 7.70 4.20 5.73 
2.80 1.40 6.10 3.43 
8.30 7.10 3.40 6.27 
3.10 5.90 2.40 3.80 
4.30 4.70 8.50 5.83 
6.50 9.60 2.30 6.13 
7.40 1.20 7.30 5.30 
2.50 6.90 3.40 4.27 
8.60 4.30 2.80 5.23 
5.50 4.20 6.10 5.27 
9.80 1.60 5.30 5.57 
3.20 7.70 4.80 5.23 
2.30 8.90 7.40 6.20 
